188  [btpool0-0] INFO  o.hibernate.cfg.annotations.Version - Hibernate Annotations 3.4.0.GA
219  [btpool0-0] INFO  org.hibernate.cfg.Environment - Hibernate 3.3.2.GA
235  [btpool0-0] INFO  org.hibernate.cfg.Environment - hibernate.properties not found
235  [btpool0-0] INFO  org.hibernate.cfg.Environment - Bytecode provider name : javassist
235  [btpool0-0] INFO  org.hibernate.cfg.Environment - using JDK 1.4 java.sql.Timestamp handling
438  [btpool0-0] INFO  o.h.annotations.common.Version - Hibernate Commons Annotations 3.1.0.GA
516  [btpool0-0] INFO  org.hibernate.cfg.AnnotationBinder - Binding entity from annotated class: ch.amaba.dao.model.CantonEntity
547  [btpool0-0] INFO  o.h.cfg.annotations.EntityBinder - Bind entity ch.amaba.dao.model.CantonEntity on table canton
562  [btpool0-0] INFO  org.hibernate.cfg.AnnotationBinder - Binding entity from annotated class: ch.amaba.dao.model.ContactEntity
562  [btpool0-0] INFO  o.h.cfg.annotations.EntityBinder - Bind entity ch.amaba.dao.model.ContactEntity on table ContactEntity.java
578  [btpool0-0] INFO  org.hibernate.cfg.AnnotationBinder - Binding entity from annotated class: ch.amaba.dao.model.InteretEntity
578  [btpool0-0] INFO  o.h.cfg.annotations.EntityBinder - Bind entity ch.amaba.dao.model.InteretEntity on table interet
578  [btpool0-0] INFO  org.hibernate.cfg.AnnotationBinder - Binding entity from annotated class: ch.amaba.dao.model.MessageStatutEntity
578  [btpool0-0] INFO  o.h.cfg.annotations.EntityBinder - Bind entity ch.amaba.dao.model.MessageStatutEntity on table messageStatut
609  [btpool0-0] INFO  org.hibernate.cfg.AnnotationBinder - Binding entity from annotated class: ch.amaba.dao.model.MusiqueEntity
609  [btpool0-0] INFO  o.h.cfg.annotations.EntityBinder - Bind entity ch.amaba.dao.model.MusiqueEntity on table musique
609  [btpool0-0] INFO  org.hibernate.cfg.AnnotationBinder - Binding entity from annotated class: ch.amaba.dao.model.PaysEntity
609  [btpool0-0] INFO  o.h.cfg.annotations.EntityBinder - Bind entity ch.amaba.dao.model.PaysEntity on table pays
609  [btpool0-0] INFO  org.hibernate.cfg.AnnotationBinder - Binding entity from annotated class: ch.amaba.dao.model.PreferenceEntity
609  [btpool0-0] INFO  o.h.cfg.annotations.EntityBinder - Bind entity ch.amaba.dao.model.PreferenceEntity on table preference
609  [btpool0-0] INFO  org.hibernate.cfg.AnnotationBinder - Binding entity from annotated class: ch.amaba.dao.model.ProfessionEntity
609  [btpool0-0] INFO  o.h.cfg.annotations.EntityBinder - Bind entity ch.amaba.dao.model.ProfessionEntity on table profession
609  [btpool0-0] INFO  org.hibernate.cfg.AnnotationBinder - Binding entity from annotated class: ch.amaba.dao.model.ReligionEntity
609  [btpool0-0] INFO  o.h.cfg.annotations.EntityBinder - Bind entity ch.amaba.dao.model.ReligionEntity on table religion
609  [btpool0-0] INFO  org.hibernate.cfg.AnnotationBinder - Binding entity from annotated class: ch.amaba.dao.model.SexeEntity
609  [btpool0-0] INFO  o.h.cfg.annotations.EntityBinder - Bind entity ch.amaba.dao.model.SexeEntity on table sexe
625  [btpool0-0] INFO  org.hibernate.cfg.AnnotationBinder - Binding entity from annotated class: ch.amaba.dao.model.SportEntity
625  [btpool0-0] INFO  o.h.cfg.annotations.EntityBinder - Bind entity ch.amaba.dao.model.SportEntity on table sport
625  [btpool0-0] INFO  org.hibernate.cfg.AnnotationBinder - Binding entity from annotated class: ch.amaba.dao.model.TraductionEntity
625  [btpool0-0] INFO  o.h.cfg.annotations.EntityBinder - Bind entity ch.amaba.dao.model.TraductionEntity on table traduction
625  [btpool0-0] INFO  org.hibernate.cfg.AnnotationBinder - Binding entity from annotated class: ch.amaba.dao.model.UserAdressEntity
625  [btpool0-0] INFO  o.h.cfg.annotations.EntityBinder - Bind entity ch.amaba.dao.model.UserAdressEntity on table usrAdress
625  [btpool0-0] INFO  org.hibernate.cfg.AnnotationBinder - Binding entity from annotated class: ch.amaba.dao.model.UserAmiEntity
625  [btpool0-0] INFO  o.h.cfg.annotations.EntityBinder - Bind entity ch.amaba.dao.model.UserAmiEntity on table usrAmi
641  [btpool0-0] INFO  org.hibernate.cfg.AnnotationBinder - Binding entity from annotated class: ch.amaba.dao.model.UserConnectionEntity
641  [btpool0-0] INFO  o.h.cfg.annotations.EntityBinder - Bind entity ch.amaba.dao.model.UserConnectionEntity on table usrConnection
641  [btpool0-0] INFO  org.hibernate.cfg.AnnotationBinder - Binding entity from annotated class: ch.amaba.dao.model.UserContactEntity
641  [btpool0-0] INFO  o.h.cfg.annotations.EntityBinder - Bind entity ch.amaba.dao.model.UserContactEntity on table usrContact
641  [btpool0-0] INFO  org.hibernate.cfg.AnnotationBinder - Binding entity from annotated class: ch.amaba.dao.model.UserCoquinEntity
641  [btpool0-0] INFO  o.h.cfg.annotations.EntityBinder - Bind entity ch.amaba.dao.model.UserCoquinEntity on table usrProfil
641  [btpool0-0] INFO  org.hibernate.cfg.AnnotationBinder - Binding entity from annotated class: ch.amaba.dao.model.UserEntity
641  [btpool0-0] INFO  o.h.cfg.annotations.EntityBinder - Bind entity ch.amaba.dao.model.UserEntity on table usr
641  [btpool0-2] INFO  org.hibernate.cfg.AnnotationBinder - Binding entity from annotated class: ch.amaba.dao.model.CantonEntity
641  [btpool0-2] INFO  o.h.cfg.annotations.EntityBinder - Bind entity ch.amaba.dao.model.CantonEntity on table canton
657  [btpool0-2] INFO  org.hibernate.cfg.AnnotationBinder - Binding entity from annotated class: ch.amaba.dao.model.ContactEntity
657  [btpool0-2] INFO  o.h.cfg.annotations.EntityBinder - Bind entity ch.amaba.dao.model.ContactEntity on table ContactEntity.java
657  [btpool0-2] INFO  org.hibernate.cfg.AnnotationBinder - Binding entity from annotated class: ch.amaba.dao.model.InteretEntity
657  [btpool0-2] INFO  o.h.cfg.annotations.EntityBinder - Bind entity ch.amaba.dao.model.InteretEntity on table interet
657  [btpool0-2] INFO  org.hibernate.cfg.AnnotationBinder - Binding entity from annotated class: ch.amaba.dao.model.MessageStatutEntity
657  [btpool0-2] INFO  o.h.cfg.annotations.EntityBinder - Bind entity ch.amaba.dao.model.MessageStatutEntity on table messageStatut
657  [btpool0-2] INFO  org.hibernate.cfg.AnnotationBinder - Binding entity from annotated class: ch.amaba.dao.model.MusiqueEntity
657  [btpool0-2] INFO  o.h.cfg.annotations.EntityBinder - Bind entity ch.amaba.dao.model.MusiqueEntity on table musique
657  [btpool0-2] INFO  org.hibernate.cfg.AnnotationBinder - Binding entity from annotated class: ch.amaba.dao.model.PaysEntity
657  [btpool0-2] INFO  o.h.cfg.annotations.EntityBinder - Bind entity ch.amaba.dao.model.PaysEntity on table pays
657  [btpool0-2] INFO  org.hibernate.cfg.AnnotationBinder - Binding entity from annotated class: ch.amaba.dao.model.PreferenceEntity
657  [btpool0-2] INFO  o.h.cfg.annotations.EntityBinder - Bind entity ch.amaba.dao.model.PreferenceEntity on table preference
657  [btpool0-2] INFO  org.hibernate.cfg.AnnotationBinder - Binding entity from annotated class: ch.amaba.dao.model.ProfessionEntity
657  [btpool0-2] INFO  o.h.cfg.annotations.EntityBinder - Bind entity ch.amaba.dao.model.ProfessionEntity on table profession
657  [btpool0-2] INFO  org.hibernate.cfg.AnnotationBinder - Binding entity from annotated class: ch.amaba.dao.model.ReligionEntity
657  [btpool0-2] INFO  o.h.cfg.annotations.EntityBinder - Bind entity ch.amaba.dao.model.ReligionEntity on table religion
673  [btpool0-2] INFO  org.hibernate.cfg.AnnotationBinder - Binding entity from annotated class: ch.amaba.dao.model.SexeEntity
673  [btpool0-2] INFO  o.h.cfg.annotations.EntityBinder - Bind entity ch.amaba.dao.model.SexeEntity on table sexe
673  [btpool0-2] INFO  org.hibernate.cfg.AnnotationBinder - Binding entity from annotated class: ch.amaba.dao.model.SportEntity
673  [btpool0-2] INFO  o.h.cfg.annotations.EntityBinder - Bind entity ch.amaba.dao.model.SportEntity on table sport
673  [btpool0-2] INFO  org.hibernate.cfg.AnnotationBinder - Binding entity from annotated class: ch.amaba.dao.model.TraductionEntity
673  [btpool0-2] INFO  o.h.cfg.annotations.EntityBinder - Bind entity ch.amaba.dao.model.TraductionEntity on table traduction
673  [btpool0-2] INFO  org.hibernate.cfg.AnnotationBinder - Binding entity from annotated class: ch.amaba.dao.model.UserAdressEntity
673  [btpool0-2] INFO  o.h.cfg.annotations.EntityBinder - Bind entity ch.amaba.dao.model.UserAdressEntity on table usrAdress
673  [btpool0-2] INFO  org.hibernate.cfg.AnnotationBinder - Binding entity from annotated class: ch.amaba.dao.model.UserAmiEntity
673  [btpool0-2] INFO  o.h.cfg.annotations.EntityBinder - Bind entity ch.amaba.dao.model.UserAmiEntity on table usrAmi
673  [btpool0-2] INFO  org.hibernate.cfg.AnnotationBinder - Binding entity from annotated class: ch.amaba.dao.model.UserConnectionEntity
673  [btpool0-2] INFO  o.h.cfg.annotations.EntityBinder - Bind entity ch.amaba.dao.model.UserConnectionEntity on table usrConnection
688  [btpool0-2] INFO  org.hibernate.cfg.AnnotationBinder - Binding entity from annotated class: ch.amaba.dao.model.UserContactEntity
688  [btpool0-0] INFO  org.hibernate.cfg.AnnotationBinder - Binding entity from annotated class: ch.amaba.dao.model.UserInteretEntity
688  [btpool0-2] INFO  o.h.cfg.annotations.EntityBinder - Bind entity ch.amaba.dao.model.UserContactEntity on table usrContact
688  [btpool0-0] INFO  o.h.cfg.annotations.EntityBinder - Bind entity ch.amaba.dao.model.UserInteretEntity on table usrInteret
688  [btpool0-2] INFO  org.hibernate.cfg.AnnotationBinder - Binding entity from annotated class: ch.amaba.dao.model.UserCoquinEntity
688  [btpool0-2] INFO  o.h.cfg.annotations.EntityBinder - Bind entity ch.amaba.dao.model.UserCoquinEntity on table usrProfil
688  [btpool0-2] INFO  org.hibernate.cfg.AnnotationBinder - Binding entity from annotated class: ch.amaba.dao.model.UserEntity
688  [btpool0-2] INFO  o.h.cfg.annotations.EntityBinder - Bind entity ch.amaba.dao.model.UserEntity on table usr
688  [btpool0-0] INFO  org.hibernate.cfg.AnnotationBinder - Binding entity from annotated class: ch.amaba.dao.model.UserMessageEntity
688  [btpool0-0] INFO  o.h.cfg.annotations.EntityBinder - Bind entity ch.amaba.dao.model.UserMessageEntity on table usrMessage
688  [btpool0-0] INFO  org.hibernate.cfg.AnnotationBinder - Binding entity from annotated class: ch.amaba.dao.model.UserMessageStatutEntity
688  [btpool0-0] INFO  o.h.cfg.annotations.EntityBinder - Bind entity ch.amaba.dao.model.UserMessageStatutEntity on table usrMessageStatut
688  [btpool0-2] INFO  org.hibernate.cfg.AnnotationBinder - Binding entity from annotated class: ch.amaba.dao.model.UserInteretEntity
688  [btpool0-2] INFO  o.h.cfg.annotations.EntityBinder - Bind entity ch.amaba.dao.model.UserInteretEntity on table usrInteret
688  [btpool0-0] INFO  org.hibernate.cfg.AnnotationBinder - Binding entity from annotated class: ch.amaba.dao.model.UserMusiqueEntity
688  [btpool0-0] INFO  o.h.cfg.annotations.EntityBinder - Bind entity ch.amaba.dao.model.UserMusiqueEntity on table usrMusique
688  [btpool0-2] INFO  org.hibernate.cfg.AnnotationBinder - Binding entity from annotated class: ch.amaba.dao.model.UserMessageEntity
688  [btpool0-2] INFO  o.h.cfg.annotations.EntityBinder - Bind entity ch.amaba.dao.model.UserMessageEntity on table usrMessage
688  [btpool0-2] INFO  org.hibernate.cfg.AnnotationBinder - Binding entity from annotated class: ch.amaba.dao.model.UserMessageStatutEntity
688  [btpool0-2] INFO  o.h.cfg.annotations.EntityBinder - Bind entity ch.amaba.dao.model.UserMessageStatutEntity on table usrMessageStatut
688  [btpool0-0] INFO  org.hibernate.cfg.AnnotationBinder - Binding entity from annotated class: ch.amaba.dao.model.UserPhotoEntity
688  [btpool0-0] INFO  o.h.cfg.annotations.EntityBinder - Bind entity ch.amaba.dao.model.UserPhotoEntity on table usrPhoto
688  [btpool0-2] INFO  org.hibernate.cfg.AnnotationBinder - Binding entity from annotated class: ch.amaba.dao.model.UserMusiqueEntity
688  [btpool0-2] INFO  o.h.cfg.annotations.EntityBinder - Bind entity ch.amaba.dao.model.UserMusiqueEntity on table usrMusique
688  [btpool0-0] INFO  org.hibernate.cfg.AnnotationBinder - Binding entity from annotated class: ch.amaba.dao.model.UserPhysiqueEntity
688  [btpool0-0] INFO  o.h.cfg.annotations.EntityBinder - Bind entity ch.amaba.dao.model.UserPhysiqueEntity on table usrPhysique
688  [btpool0-2] INFO  org.hibernate.cfg.AnnotationBinder - Binding entity from annotated class: ch.amaba.dao.model.UserPhotoEntity
688  [btpool0-2] INFO  o.h.cfg.annotations.EntityBinder - Bind entity ch.amaba.dao.model.UserPhotoEntity on table usrPhoto
688  [btpool0-2] INFO  org.hibernate.cfg.AnnotationBinder - Binding entity from annotated class: ch.amaba.dao.model.UserPhysiqueEntity
688  [btpool0-0] INFO  org.hibernate.cfg.AnnotationBinder - Binding entity from annotated class: ch.amaba.dao.model.UserPreferenceEntity
688  [btpool0-2] INFO  o.h.cfg.annotations.EntityBinder - Bind entity ch.amaba.dao.model.UserPhysiqueEntity on table usrPhysique
688  [btpool0-0] INFO  o.h.cfg.annotations.EntityBinder - Bind entity ch.amaba.dao.model.UserPreferenceEntity on table usrPreference
704  [btpool0-0] INFO  org.hibernate.cfg.AnnotationBinder - Binding entity from annotated class: ch.amaba.dao.model.UserProfileEntity
704  [btpool0-2] INFO  org.hibernate.cfg.AnnotationBinder - Binding entity from annotated class: ch.amaba.dao.model.UserPreferenceEntity
704  [btpool0-0] INFO  o.h.cfg.annotations.EntityBinder - Bind entity ch.amaba.dao.model.UserProfileEntity on table usrProfile
704  [btpool0-2] INFO  o.h.cfg.annotations.EntityBinder - Bind entity ch.amaba.dao.model.UserPreferenceEntity on table usrPreference
704  [btpool0-2] INFO  org.hibernate.cfg.AnnotationBinder - Binding entity from annotated class: ch.amaba.dao.model.UserProfileEntity
704  [btpool0-2] INFO  o.h.cfg.annotations.EntityBinder - Bind entity ch.amaba.dao.model.UserProfileEntity on table usrProfile
704  [btpool0-0] INFO  org.hibernate.cfg.AnnotationBinder - Binding entity from annotated class: ch.amaba.dao.model.UserReligionEntity
704  [btpool0-0] INFO  o.h.cfg.annotations.EntityBinder - Bind entity ch.amaba.dao.model.UserReligionEntity on table usrReligion
704  [btpool0-0] INFO  org.hibernate.cfg.AnnotationBinder - Binding entity from annotated class: ch.amaba.dao.model.UserSportEntity
704  [btpool0-0] INFO  o.h.cfg.annotations.EntityBinder - Bind entity ch.amaba.dao.model.UserSportEntity on table usrSport
704  [btpool0-2] INFO  org.hibernate.cfg.AnnotationBinder - Binding entity from annotated class: ch.amaba.dao.model.UserReligionEntity
704  [btpool0-2] INFO  o.h.cfg.annotations.EntityBinder - Bind entity ch.amaba.dao.model.UserReligionEntity on table usrReligion
704  [btpool0-0] INFO  org.hibernate.cfg.AnnotationBinder - Binding entity from annotated class: ch.amaba.dao.model.UserStatutEntity
704  [btpool0-0] INFO  o.h.cfg.annotations.EntityBinder - Bind entity ch.amaba.dao.model.UserStatutEntity on table usrStatut
704  [btpool0-2] INFO  org.hibernate.cfg.AnnotationBinder - Binding entity from annotated class: ch.amaba.dao.model.UserSportEntity
704  [btpool0-2] INFO  o.h.cfg.annotations.EntityBinder - Bind entity ch.amaba.dao.model.UserSportEntity on table usrSport
704  [btpool0-2] INFO  org.hibernate.cfg.AnnotationBinder - Binding entity from annotated class: ch.amaba.dao.model.UserStatutEntity
704  [btpool0-2] INFO  o.h.cfg.annotations.EntityBinder - Bind entity ch.amaba.dao.model.UserStatutEntity on table usrStatut
1078 [btpool0-2] INFO  o.h.c.annotations.CollectionBinder - Mapping collection: ch.amaba.dao.model.UserMessageEntity.messageStatuts -> usrMessageStatut
1078 [btpool0-0] INFO  o.h.c.annotations.CollectionBinder - Mapping collection: ch.amaba.dao.model.UserMessageEntity.messageStatuts -> usrMessageStatut
1078 [btpool0-0] INFO  o.h.c.annotations.CollectionBinder - Mapping collection: ch.amaba.dao.model.UserEntity.userSports -> usrSport
1078 [btpool0-2] INFO  o.h.c.annotations.CollectionBinder - Mapping collection: ch.amaba.dao.model.UserEntity.userSports -> usrSport
1078 [btpool0-0] INFO  o.h.c.annotations.CollectionBinder - Mapping collection: ch.amaba.dao.model.UserEntity.userReligions -> usrReligion
1078 [btpool0-2] INFO  o.h.c.annotations.CollectionBinder - Mapping collection: ch.amaba.dao.model.UserEntity.userReligions -> usrReligion
1078 [btpool0-0] INFO  o.h.c.annotations.CollectionBinder - Mapping collection: ch.amaba.dao.model.UserEntity.userPhotos -> usrPhoto
1078 [btpool0-2] INFO  o.h.c.annotations.CollectionBinder - Mapping collection: ch.amaba.dao.model.UserEntity.userPhotos -> usrPhoto
1078 [btpool0-0] INFO  o.h.c.annotations.CollectionBinder - Mapping collection: ch.amaba.dao.model.UserEntity.userInterets -> usrInteret
1078 [btpool0-2] INFO  o.h.c.annotations.CollectionBinder - Mapping collection: ch.amaba.dao.model.UserEntity.userInterets -> usrInteret
1078 [btpool0-0] INFO  o.h.c.annotations.CollectionBinder - Mapping collection: ch.amaba.dao.model.UserEntity.userContacts -> usrContact
1078 [btpool0-2] INFO  o.h.c.annotations.CollectionBinder - Mapping collection: ch.amaba.dao.model.UserEntity.userContacts -> usrContact
1078 [btpool0-0] INFO  o.h.c.annotations.CollectionBinder - Mapping collection: ch.amaba.dao.model.UserEntity.userAmis -> usrAmi
1078 [btpool0-2] INFO  o.h.c.annotations.CollectionBinder - Mapping collection: ch.amaba.dao.model.UserEntity.userAmis -> usrAmi
1078 [btpool0-0] INFO  o.h.c.annotations.CollectionBinder - Mapping collection: ch.amaba.dao.model.UserEntity.userAdresses -> usrAdress
1078 [btpool0-2] INFO  o.h.c.annotations.CollectionBinder - Mapping collection: ch.amaba.dao.model.UserEntity.userAdresses -> usrAdress
1078 [btpool0-0] INFO  o.h.c.annotations.CollectionBinder - Mapping collection: ch.amaba.dao.model.UserEntity.userProfil -> usrProfile
1078 [btpool0-2] INFO  o.h.c.annotations.CollectionBinder - Mapping collection: ch.amaba.dao.model.UserEntity.userProfil -> usrProfile
1156 [btpool0-0] INFO  o.h.cfg.AnnotationConfiguration - Hibernate Validator not found: ignoring
1172 [btpool0-2] INFO  o.h.cfg.AnnotationConfiguration - Hibernate Validator not found: ignoring
1188 [btpool0-2] INFO  o.h.c.s.HibernateSearchEventListenerRegister - Unable to find org.hibernate.search.event.FullTextIndexEventListener on the classpath. Hibernate Search is not enabled.
1188 [btpool0-0] INFO  o.h.c.s.HibernateSearchEventListenerRegister - Unable to find org.hibernate.search.event.FullTextIndexEventListener on the classpath. Hibernate Search is not enabled.
1266 [btpool0-0] INFO  o.h.c.ConnectionProviderFactory - Initializing connection provider: org.springframework.orm.hibernate3.LocalDataSourceConnectionProvider
1266 [btpool0-2] INFO  o.h.c.ConnectionProviderFactory - Initializing connection provider: org.springframework.orm.hibernate3.LocalDataSourceConnectionProvider
1454 [btpool0-0] INFO  org.hibernate.cfg.SettingsFactory - RDBMS: MySQL, version: 5.5.10
1454 [btpool0-2] INFO  org.hibernate.cfg.SettingsFactory - RDBMS: MySQL, version: 5.5.10
1469 [btpool0-0] INFO  org.hibernate.cfg.SettingsFactory - JDBC driver: MySQL-AB JDBC Driver, version: mysql-connector-java-5.1.15 ( Revision: ${bzr.revision-id} )
1469 [btpool0-2] INFO  org.hibernate.cfg.SettingsFactory - JDBC driver: MySQL-AB JDBC Driver, version: mysql-connector-java-5.1.15 ( Revision: ${bzr.revision-id} )
1485 [btpool0-2] INFO  org.hibernate.dialect.Dialect - Using dialect: org.hibernate.dialect.MySQL5Dialect
1485 [btpool0-0] INFO  org.hibernate.dialect.Dialect - Using dialect: org.hibernate.dialect.MySQL5Dialect
1485 [btpool0-2] INFO  o.h.t.TransactionFactoryFactory - Transaction strategy: org.springframework.orm.hibernate3.SpringTransactionFactory
1485 [btpool0-0] INFO  o.h.t.TransactionFactoryFactory - Transaction strategy: org.springframework.orm.hibernate3.SpringTransactionFactory
1500 [btpool0-0] INFO  o.h.t.TransactionManagerLookupFactory - No TransactionManagerLookup configured (in JTA environment, use of read-write or transactional second-level cache is not recommended)
1500 [btpool0-2] INFO  o.h.t.TransactionManagerLookupFactory - No TransactionManagerLookup configured (in JTA environment, use of read-write or transactional second-level cache is not recommended)
1500 [btpool0-0] INFO  org.hibernate.cfg.SettingsFactory - Automatic flush during beforeCompletion(): disabled
1500 [btpool0-2] INFO  org.hibernate.cfg.SettingsFactory - Automatic flush during beforeCompletion(): disabled
1500 [btpool0-0] INFO  org.hibernate.cfg.SettingsFactory - Automatic session close at end of transaction: disabled
1500 [btpool0-2] INFO  org.hibernate.cfg.SettingsFactory - Automatic session close at end of transaction: disabled
1500 [btpool0-0] INFO  org.hibernate.cfg.SettingsFactory - JDBC batch size: 20
1500 [btpool0-2] INFO  org.hibernate.cfg.SettingsFactory - JDBC batch size: 20
1500 [btpool0-0] INFO  org.hibernate.cfg.SettingsFactory - JDBC batch updates for versioned data: disabled
1500 [btpool0-2] INFO  org.hibernate.cfg.SettingsFactory - JDBC batch updates for versioned data: disabled
1500 [btpool0-0] INFO  org.hibernate.cfg.SettingsFactory - Scrollable result sets: enabled
1500 [btpool0-2] INFO  org.hibernate.cfg.SettingsFactory - Scrollable result sets: enabled
1500 [btpool0-0] INFO  org.hibernate.cfg.SettingsFactory - JDBC3 getGeneratedKeys(): enabled
1500 [btpool0-2] INFO  org.hibernate.cfg.SettingsFactory - JDBC3 getGeneratedKeys(): enabled
1500 [btpool0-0] INFO  org.hibernate.cfg.SettingsFactory - Connection release mode: auto
1500 [btpool0-2] INFO  org.hibernate.cfg.SettingsFactory - Connection release mode: auto
1500 [btpool0-0] INFO  org.hibernate.cfg.SettingsFactory - Maximum outer join fetch depth: 3
1500 [btpool0-2] INFO  org.hibernate.cfg.SettingsFactory - Maximum outer join fetch depth: 3
1500 [btpool0-0] INFO  org.hibernate.cfg.SettingsFactory - Default batch fetch size: 1
1500 [btpool0-2] INFO  org.hibernate.cfg.SettingsFactory - Default batch fetch size: 1
1516 [btpool0-0] INFO  org.hibernate.cfg.SettingsFactory - Generate SQL with comments: disabled
1516 [btpool0-2] INFO  org.hibernate.cfg.SettingsFactory - Generate SQL with comments: disabled
1516 [btpool0-0] INFO  org.hibernate.cfg.SettingsFactory - Order SQL updates by primary key: disabled
1516 [btpool0-2] INFO  org.hibernate.cfg.SettingsFactory - Order SQL updates by primary key: disabled
1516 [btpool0-0] INFO  org.hibernate.cfg.SettingsFactory - Order SQL inserts for batching: disabled
1516 [btpool0-2] INFO  org.hibernate.cfg.SettingsFactory - Order SQL inserts for batching: disabled
1516 [btpool0-0] INFO  org.hibernate.cfg.SettingsFactory - Query translator: org.hibernate.hql.ast.ASTQueryTranslatorFactory
1516 [btpool0-2] INFO  org.hibernate.cfg.SettingsFactory - Query translator: org.hibernate.hql.ast.ASTQueryTranslatorFactory
1516 [btpool0-0] INFO  o.h.h.ast.ASTQueryTranslatorFactory - Using ASTQueryTranslatorFactory
1516 [btpool0-2] INFO  o.h.h.ast.ASTQueryTranslatorFactory - Using ASTQueryTranslatorFactory
1516 [btpool0-0] INFO  org.hibernate.cfg.SettingsFactory - Query language substitutions: {false='N', true='Y'}
1516 [btpool0-2] INFO  org.hibernate.cfg.SettingsFactory - Query language substitutions: {false='N', true='Y'}
1516 [btpool0-0] INFO  org.hibernate.cfg.SettingsFactory - JPA-QL strict compliance: disabled
1516 [btpool0-2] INFO  org.hibernate.cfg.SettingsFactory - JPA-QL strict compliance: disabled
1516 [btpool0-0] INFO  org.hibernate.cfg.SettingsFactory - Second-level cache: disabled
1516 [btpool0-2] INFO  org.hibernate.cfg.SettingsFactory - Second-level cache: disabled
1516 [btpool0-0] INFO  org.hibernate.cfg.SettingsFactory - Query cache: disabled
1516 [btpool0-2] INFO  org.hibernate.cfg.SettingsFactory - Query cache: disabled
1516 [btpool0-0] INFO  org.hibernate.cfg.SettingsFactory - Cache region factory : org.hibernate.cache.impl.NoCachingRegionFactory
1516 [btpool0-2] INFO  org.hibernate.cfg.SettingsFactory - Cache region factory : org.hibernate.cache.impl.NoCachingRegionFactory
1516 [btpool0-0] INFO  org.hibernate.cfg.SettingsFactory - Optimize cache for minimal puts: disabled
1516 [btpool0-2] INFO  org.hibernate.cfg.SettingsFactory - Optimize cache for minimal puts: disabled
1516 [btpool0-0] INFO  org.hibernate.cfg.SettingsFactory - Structured second-level cache entries: disabled
1516 [btpool0-2] INFO  org.hibernate.cfg.SettingsFactory - Structured second-level cache entries: disabled
1516 [btpool0-0] INFO  org.hibernate.cfg.SettingsFactory - Echoing all SQL to stdout
1516 [btpool0-2] INFO  org.hibernate.cfg.SettingsFactory - Echoing all SQL to stdout
1516 [btpool0-0] INFO  org.hibernate.cfg.SettingsFactory - Statistics: disabled
1516 [btpool0-2] INFO  org.hibernate.cfg.SettingsFactory - Statistics: disabled
1516 [btpool0-0] INFO  org.hibernate.cfg.SettingsFactory - Deleted entity synthetic identifier rollback: disabled
1516 [btpool0-2] INFO  org.hibernate.cfg.SettingsFactory - Deleted entity synthetic identifier rollback: disabled
1516 [btpool0-0] INFO  org.hibernate.cfg.SettingsFactory - Default entity-mode: pojo
1516 [btpool0-2] INFO  org.hibernate.cfg.SettingsFactory - Default entity-mode: pojo
1516 [btpool0-0] INFO  org.hibernate.cfg.SettingsFactory - Named query checking : enabled
1516 [btpool0-2] INFO  org.hibernate.cfg.SettingsFactory - Named query checking : enabled
1563 [btpool0-2] INFO  o.hibernate.impl.SessionFactoryImpl - building session factory
1563 [btpool0-0] INFO  o.hibernate.impl.SessionFactoryImpl - building session factory
1859 [btpool0-2] INFO  o.h.i.SessionFactoryObjectFactory - Not binding factory to JNDI, no JNDI name configured
1859 [btpool0-0] INFO  o.h.i.SessionFactoryObjectFactory - Not binding factory to JNDI, no JNDI name configured
4233 [btpool0-2] INFO  org.hibernate.cfg.AnnotationBinder - Binding entity from annotated class: ch.amaba.dao.model.CantonEntity
4233 [btpool0-2] INFO  o.h.cfg.annotations.EntityBinder - Bind entity ch.amaba.dao.model.CantonEntity on table canton
4233 [btpool0-2] INFO  org.hibernate.cfg.AnnotationBinder - Binding entity from annotated class: ch.amaba.dao.model.ContactEntity
4233 [btpool0-2] INFO  o.h.cfg.annotations.EntityBinder - Bind entity ch.amaba.dao.model.ContactEntity on table ContactEntity.java
4233 [btpool0-2] INFO  org.hibernate.cfg.AnnotationBinder - Binding entity from annotated class: ch.amaba.dao.model.InteretEntity
4249 [btpool0-2] INFO  o.h.cfg.annotations.EntityBinder - Bind entity ch.amaba.dao.model.InteretEntity on table interet
4249 [btpool0-2] INFO  org.hibernate.cfg.AnnotationBinder - Binding entity from annotated class: ch.amaba.dao.model.MessageStatutEntity
4249 [btpool0-2] INFO  o.h.cfg.annotations.EntityBinder - Bind entity ch.amaba.dao.model.MessageStatutEntity on table messageStatut
4249 [btpool0-2] INFO  org.hibernate.cfg.AnnotationBinder - Binding entity from annotated class: ch.amaba.dao.model.MusiqueEntity
4249 [btpool0-2] INFO  o.h.cfg.annotations.EntityBinder - Bind entity ch.amaba.dao.model.MusiqueEntity on table musique
4249 [btpool0-2] INFO  org.hibernate.cfg.AnnotationBinder - Binding entity from annotated class: ch.amaba.dao.model.PaysEntity
4249 [btpool0-2] INFO  o.h.cfg.annotations.EntityBinder - Bind entity ch.amaba.dao.model.PaysEntity on table pays
4249 [btpool0-2] INFO  org.hibernate.cfg.AnnotationBinder - Binding entity from annotated class: ch.amaba.dao.model.PreferenceEntity
4249 [btpool0-2] INFO  o.h.cfg.annotations.EntityBinder - Bind entity ch.amaba.dao.model.PreferenceEntity on table preference
4249 [btpool0-2] INFO  org.hibernate.cfg.AnnotationBinder - Binding entity from annotated class: ch.amaba.dao.model.ProfessionEntity
4249 [btpool0-2] INFO  o.h.cfg.annotations.EntityBinder - Bind entity ch.amaba.dao.model.ProfessionEntity on table profession
4249 [btpool0-2] INFO  org.hibernate.cfg.AnnotationBinder - Binding entity from annotated class: ch.amaba.dao.model.ReligionEntity
4249 [btpool0-2] INFO  o.h.cfg.annotations.EntityBinder - Bind entity ch.amaba.dao.model.ReligionEntity on table religion
4249 [btpool0-2] INFO  org.hibernate.cfg.AnnotationBinder - Binding entity from annotated class: ch.amaba.dao.model.SexeEntity
4249 [btpool0-2] INFO  o.h.cfg.annotations.EntityBinder - Bind entity ch.amaba.dao.model.SexeEntity on table sexe
4249 [btpool0-2] INFO  org.hibernate.cfg.AnnotationBinder - Binding entity from annotated class: ch.amaba.dao.model.SportEntity
4249 [btpool0-2] INFO  o.h.cfg.annotations.EntityBinder - Bind entity ch.amaba.dao.model.SportEntity on table sport
4265 [btpool0-2] INFO  org.hibernate.cfg.AnnotationBinder - Binding entity from annotated class: ch.amaba.dao.model.TraductionEntity
4266 [btpool0-2] INFO  o.h.cfg.annotations.EntityBinder - Bind entity ch.amaba.dao.model.TraductionEntity on table traduction
4266 [btpool0-2] INFO  org.hibernate.cfg.AnnotationBinder - Binding entity from annotated class: ch.amaba.dao.model.UserAdressEntity
4266 [btpool0-2] INFO  o.h.cfg.annotations.EntityBinder - Bind entity ch.amaba.dao.model.UserAdressEntity on table usrAdress
4266 [btpool0-2] INFO  org.hibernate.cfg.AnnotationBinder - Binding entity from annotated class: ch.amaba.dao.model.UserAmiEntity
4266 [btpool0-2] INFO  o.h.cfg.annotations.EntityBinder - Bind entity ch.amaba.dao.model.UserAmiEntity on table usrAmi
4266 [btpool0-2] INFO  org.hibernate.cfg.AnnotationBinder - Binding entity from annotated class: ch.amaba.dao.model.UserConnectionEntity
4266 [btpool0-2] INFO  o.h.cfg.annotations.EntityBinder - Bind entity ch.amaba.dao.model.UserConnectionEntity on table usrConnection
4266 [btpool0-2] INFO  org.hibernate.cfg.AnnotationBinder - Binding entity from annotated class: ch.amaba.dao.model.UserContactEntity
4266 [btpool0-2] INFO  o.h.cfg.annotations.EntityBinder - Bind entity ch.amaba.dao.model.UserContactEntity on table usrContact
4266 [btpool0-2] INFO  org.hibernate.cfg.AnnotationBinder - Binding entity from annotated class: ch.amaba.dao.model.UserCoquinEntity
4266 [btpool0-2] INFO  o.h.cfg.annotations.EntityBinder - Bind entity ch.amaba.dao.model.UserCoquinEntity on table usrProfil
4266 [btpool0-2] INFO  org.hibernate.cfg.AnnotationBinder - Binding entity from annotated class: ch.amaba.dao.model.UserEntity
4266 [btpool0-2] INFO  o.h.cfg.annotations.EntityBinder - Bind entity ch.amaba.dao.model.UserEntity on table usr
4281 [btpool0-2] INFO  org.hibernate.cfg.AnnotationBinder - Binding entity from annotated class: ch.amaba.dao.model.UserInteretEntity
4281 [btpool0-2] INFO  o.h.cfg.annotations.EntityBinder - Bind entity ch.amaba.dao.model.UserInteretEntity on table usrInteret
4281 [btpool0-2] INFO  org.hibernate.cfg.AnnotationBinder - Binding entity from annotated class: ch.amaba.dao.model.UserMessageEntity
4281 [btpool0-2] INFO  o.h.cfg.annotations.EntityBinder - Bind entity ch.amaba.dao.model.UserMessageEntity on table usrMessage
4281 [btpool0-2] INFO  org.hibernate.cfg.AnnotationBinder - Binding entity from annotated class: ch.amaba.dao.model.UserMessageStatutEntity
4281 [btpool0-2] INFO  o.h.cfg.annotations.EntityBinder - Bind entity ch.amaba.dao.model.UserMessageStatutEntity on table usrMessageStatut
4281 [btpool0-2] INFO  org.hibernate.cfg.AnnotationBinder - Binding entity from annotated class: ch.amaba.dao.model.UserMusiqueEntity
4281 [btpool0-2] INFO  o.h.cfg.annotations.EntityBinder - Bind entity ch.amaba.dao.model.UserMusiqueEntity on table usrMusique
4281 [btpool0-2] INFO  org.hibernate.cfg.AnnotationBinder - Binding entity from annotated class: ch.amaba.dao.model.UserPhotoEntity
4281 [btpool0-2] INFO  o.h.cfg.annotations.EntityBinder - Bind entity ch.amaba.dao.model.UserPhotoEntity on table usrPhoto
4281 [btpool0-2] INFO  org.hibernate.cfg.AnnotationBinder - Binding entity from annotated class: ch.amaba.dao.model.UserPhysiqueEntity
4281 [btpool0-2] INFO  o.h.cfg.annotations.EntityBinder - Bind entity ch.amaba.dao.model.UserPhysiqueEntity on table usrPhysique
4281 [btpool0-2] INFO  org.hibernate.cfg.AnnotationBinder - Binding entity from annotated class: ch.amaba.dao.model.UserPreferenceEntity
4281 [btpool0-2] INFO  o.h.cfg.annotations.EntityBinder - Bind entity ch.amaba.dao.model.UserPreferenceEntity on table usrPreference
4297 [btpool0-2] INFO  org.hibernate.cfg.AnnotationBinder - Binding entity from annotated class: ch.amaba.dao.model.UserProfileEntity
4297 [btpool0-2] INFO  o.h.cfg.annotations.EntityBinder - Bind entity ch.amaba.dao.model.UserProfileEntity on table usrProfile
4297 [btpool0-2] INFO  org.hibernate.cfg.AnnotationBinder - Binding entity from annotated class: ch.amaba.dao.model.UserReligionEntity
4297 [btpool0-2] INFO  o.h.cfg.annotations.EntityBinder - Bind entity ch.amaba.dao.model.UserReligionEntity on table usrReligion
4297 [btpool0-2] INFO  org.hibernate.cfg.AnnotationBinder - Binding entity from annotated class: ch.amaba.dao.model.UserSportEntity
4297 [btpool0-2] INFO  o.h.cfg.annotations.EntityBinder - Bind entity ch.amaba.dao.model.UserSportEntity on table usrSport
4297 [btpool0-2] INFO  org.hibernate.cfg.AnnotationBinder - Binding entity from annotated class: ch.amaba.dao.model.UserStatutEntity
4297 [btpool0-2] INFO  o.h.cfg.annotations.EntityBinder - Bind entity ch.amaba.dao.model.UserStatutEntity on table usrStatut
4297 [btpool0-2] INFO  o.h.c.annotations.CollectionBinder - Mapping collection: ch.amaba.dao.model.UserMessageEntity.messageStatuts -> usrMessageStatut
4297 [btpool0-2] INFO  o.h.c.annotations.CollectionBinder - Mapping collection: ch.amaba.dao.model.UserEntity.userSports -> usrSport
4297 [btpool0-2] INFO  o.h.c.annotations.CollectionBinder - Mapping collection: ch.amaba.dao.model.UserEntity.userReligions -> usrReligion
4297 [btpool0-2] INFO  o.h.c.annotations.CollectionBinder - Mapping collection: ch.amaba.dao.model.UserEntity.userPhotos -> usrPhoto
4297 [btpool0-2] INFO  o.h.c.annotations.CollectionBinder - Mapping collection: ch.amaba.dao.model.UserEntity.userInterets -> usrInteret
4297 [btpool0-2] INFO  o.h.c.annotations.CollectionBinder - Mapping collection: ch.amaba.dao.model.UserEntity.userContacts -> usrContact
4297 [btpool0-2] INFO  o.h.c.annotations.CollectionBinder - Mapping collection: ch.amaba.dao.model.UserEntity.userAmis -> usrAmi
4297 [btpool0-2] INFO  o.h.c.annotations.CollectionBinder - Mapping collection: ch.amaba.dao.model.UserEntity.userAdresses -> usrAdress
4297 [btpool0-2] INFO  o.h.c.annotations.CollectionBinder - Mapping collection: ch.amaba.dao.model.UserEntity.userProfil -> usrProfile
4359 [btpool0-2] INFO  o.h.cfg.AnnotationConfiguration - Hibernate Validator not found: ignoring
4359 [btpool0-2] INFO  o.h.c.s.HibernateSearchEventListenerRegister - Unable to find org.hibernate.search.event.FullTextIndexEventListener on the classpath. Hibernate Search is not enabled.
4406 [btpool0-2] INFO  o.h.c.ConnectionProviderFactory - Initializing connection provider: org.springframework.orm.hibernate3.LocalDataSourceConnectionProvider
4422 [btpool0-2] INFO  org.hibernate.cfg.SettingsFactory - RDBMS: MySQL, version: 5.5.10
4422 [btpool0-2] INFO  org.hibernate.cfg.SettingsFactory - JDBC driver: MySQL-AB JDBC Driver, version: mysql-connector-java-5.1.15 ( Revision: ${bzr.revision-id} )
4422 [btpool0-2] INFO  org.hibernate.dialect.Dialect - Using dialect: org.hibernate.dialect.MySQL5Dialect
4422 [btpool0-2] INFO  o.h.t.TransactionFactoryFactory - Transaction strategy: org.springframework.orm.hibernate3.SpringTransactionFactory
4422 [btpool0-2] INFO  o.h.t.TransactionManagerLookupFactory - No TransactionManagerLookup configured (in JTA environment, use of read-write or transactional second-level cache is not recommended)
4422 [btpool0-2] INFO  org.hibernate.cfg.SettingsFactory - Automatic flush during beforeCompletion(): disabled
4422 [btpool0-2] INFO  org.hibernate.cfg.SettingsFactory - Automatic session close at end of transaction: disabled
4422 [btpool0-2] INFO  org.hibernate.cfg.SettingsFactory - JDBC batch size: 20
4422 [btpool0-2] INFO  org.hibernate.cfg.SettingsFactory - JDBC batch updates for versioned data: disabled
4422 [btpool0-2] INFO  org.hibernate.cfg.SettingsFactory - Scrollable result sets: enabled
4422 [btpool0-2] INFO  org.hibernate.cfg.SettingsFactory - JDBC3 getGeneratedKeys(): enabled
4422 [btpool0-2] INFO  org.hibernate.cfg.SettingsFactory - Connection release mode: auto
4422 [btpool0-2] INFO  org.hibernate.cfg.SettingsFactory - Maximum outer join fetch depth: 3
4422 [btpool0-2] INFO  org.hibernate.cfg.SettingsFactory - Default batch fetch size: 1
4422 [btpool0-2] INFO  org.hibernate.cfg.SettingsFactory - Generate SQL with comments: disabled
4422 [btpool0-2] INFO  org.hibernate.cfg.SettingsFactory - Order SQL updates by primary key: disabled
4422 [btpool0-2] INFO  org.hibernate.cfg.SettingsFactory - Order SQL inserts for batching: disabled
4422 [btpool0-2] INFO  org.hibernate.cfg.SettingsFactory - Query translator: org.hibernate.hql.ast.ASTQueryTranslatorFactory
4422 [btpool0-2] INFO  o.h.h.ast.ASTQueryTranslatorFactory - Using ASTQueryTranslatorFactory
4422 [btpool0-2] INFO  org.hibernate.cfg.SettingsFactory - Query language substitutions: {false='N', true='Y'}
4422 [btpool0-2] INFO  org.hibernate.cfg.SettingsFactory - JPA-QL strict compliance: disabled
4422 [btpool0-2] INFO  org.hibernate.cfg.SettingsFactory - Second-level cache: disabled
4422 [btpool0-2] INFO  org.hibernate.cfg.SettingsFactory - Query cache: disabled
4422 [btpool0-2] INFO  org.hibernate.cfg.SettingsFactory - Cache region factory : org.hibernate.cache.impl.NoCachingRegionFactory
4422 [btpool0-2] INFO  org.hibernate.cfg.SettingsFactory - Optimize cache for minimal puts: disabled
4437 [btpool0-2] INFO  org.hibernate.cfg.SettingsFactory - Structured second-level cache entries: disabled
4437 [btpool0-2] INFO  org.hibernate.cfg.SettingsFactory - Echoing all SQL to stdout
4437 [btpool0-2] INFO  org.hibernate.cfg.SettingsFactory - Statistics: disabled
4437 [btpool0-2] INFO  org.hibernate.cfg.SettingsFactory - Deleted entity synthetic identifier rollback: disabled
4437 [btpool0-2] INFO  org.hibernate.cfg.SettingsFactory - Default entity-mode: pojo
4437 [btpool0-2] INFO  org.hibernate.cfg.SettingsFactory - Named query checking : enabled
4437 [btpool0-2] INFO  o.hibernate.impl.SessionFactoryImpl - building session factory
4437 [btpool0-0] INFO  org.hibernate.cfg.AnnotationBinder - Binding entity from annotated class: ch.amaba.dao.model.CantonEntity
4437 [btpool0-0] INFO  o.h.cfg.annotations.EntityBinder - Bind entity ch.amaba.dao.model.CantonEntity on table canton
4453 [btpool0-0] INFO  org.hibernate.cfg.AnnotationBinder - Binding entity from annotated class: ch.amaba.dao.model.ContactEntity
4453 [btpool0-0] INFO  o.h.cfg.annotations.EntityBinder - Bind entity ch.amaba.dao.model.ContactEntity on table ContactEntity.java
4453 [btpool0-0] INFO  org.hibernate.cfg.AnnotationBinder - Binding entity from annotated class: ch.amaba.dao.model.InteretEntity
4453 [btpool0-0] INFO  o.h.cfg.annotations.EntityBinder - Bind entity ch.amaba.dao.model.InteretEntity on table interet
4453 [btpool0-0] INFO  org.hibernate.cfg.AnnotationBinder - Binding entity from annotated class: ch.amaba.dao.model.MessageStatutEntity
4453 [btpool0-0] INFO  o.h.cfg.annotations.EntityBinder - Bind entity ch.amaba.dao.model.MessageStatutEntity on table messageStatut
4453 [btpool0-0] INFO  org.hibernate.cfg.AnnotationBinder - Binding entity from annotated class: ch.amaba.dao.model.MusiqueEntity
4453 [btpool0-0] INFO  o.h.cfg.annotations.EntityBinder - Bind entity ch.amaba.dao.model.MusiqueEntity on table musique
4453 [btpool0-0] INFO  org.hibernate.cfg.AnnotationBinder - Binding entity from annotated class: ch.amaba.dao.model.PaysEntity
4453 [btpool0-0] INFO  o.h.cfg.annotations.EntityBinder - Bind entity ch.amaba.dao.model.PaysEntity on table pays
4453 [btpool0-0] INFO  org.hibernate.cfg.AnnotationBinder - Binding entity from annotated class: ch.amaba.dao.model.PreferenceEntity
4453 [btpool0-0] INFO  o.h.cfg.annotations.EntityBinder - Bind entity ch.amaba.dao.model.PreferenceEntity on table preference
4453 [btpool0-0] INFO  org.hibernate.cfg.AnnotationBinder - Binding entity from annotated class: ch.amaba.dao.model.ProfessionEntity
4453 [btpool0-0] INFO  o.h.cfg.annotations.EntityBinder - Bind entity ch.amaba.dao.model.ProfessionEntity on table profession
4453 [btpool0-0] INFO  org.hibernate.cfg.AnnotationBinder - Binding entity from annotated class: ch.amaba.dao.model.ReligionEntity
4453 [btpool0-0] INFO  o.h.cfg.annotations.EntityBinder - Bind entity ch.amaba.dao.model.ReligionEntity on table religion
4468 [btpool0-0] INFO  org.hibernate.cfg.AnnotationBinder - Binding entity from annotated class: ch.amaba.dao.model.SexeEntity
4468 [btpool0-0] INFO  o.h.cfg.annotations.EntityBinder - Bind entity ch.amaba.dao.model.SexeEntity on table sexe
4468 [btpool0-0] INFO  org.hibernate.cfg.AnnotationBinder - Binding entity from annotated class: ch.amaba.dao.model.SportEntity
4468 [btpool0-0] INFO  o.h.cfg.annotations.EntityBinder - Bind entity ch.amaba.dao.model.SportEntity on table sport
4468 [btpool0-0] INFO  org.hibernate.cfg.AnnotationBinder - Binding entity from annotated class: ch.amaba.dao.model.TraductionEntity
4468 [btpool0-0] INFO  o.h.cfg.annotations.EntityBinder - Bind entity ch.amaba.dao.model.TraductionEntity on table traduction
4468 [btpool0-0] INFO  org.hibernate.cfg.AnnotationBinder - Binding entity from annotated class: ch.amaba.dao.model.UserAdressEntity
4468 [btpool0-0] INFO  o.h.cfg.annotations.EntityBinder - Bind entity ch.amaba.dao.model.UserAdressEntity on table usrAdress
4468 [btpool0-0] INFO  org.hibernate.cfg.AnnotationBinder - Binding entity from annotated class: ch.amaba.dao.model.UserAmiEntity
4468 [btpool0-0] INFO  o.h.cfg.annotations.EntityBinder - Bind entity ch.amaba.dao.model.UserAmiEntity on table usrAmi
4468 [btpool0-0] INFO  org.hibernate.cfg.AnnotationBinder - Binding entity from annotated class: ch.amaba.dao.model.UserConnectionEntity
4468 [btpool0-0] INFO  o.h.cfg.annotations.EntityBinder - Bind entity ch.amaba.dao.model.UserConnectionEntity on table usrConnection
4468 [btpool0-0] INFO  org.hibernate.cfg.AnnotationBinder - Binding entity from annotated class: ch.amaba.dao.model.UserContactEntity
4468 [btpool0-0] INFO  o.h.cfg.annotations.EntityBinder - Bind entity ch.amaba.dao.model.UserContactEntity on table usrContact
4468 [btpool0-0] INFO  org.hibernate.cfg.AnnotationBinder - Binding entity from annotated class: ch.amaba.dao.model.UserCoquinEntity
4468 [btpool0-0] INFO  o.h.cfg.annotations.EntityBinder - Bind entity ch.amaba.dao.model.UserCoquinEntity on table usrProfil
4468 [btpool0-0] INFO  org.hibernate.cfg.AnnotationBinder - Binding entity from annotated class: ch.amaba.dao.model.UserEntity
4484 [btpool0-0] INFO  o.h.cfg.annotations.EntityBinder - Bind entity ch.amaba.dao.model.UserEntity on table usr
4484 [btpool0-0] INFO  org.hibernate.cfg.AnnotationBinder - Binding entity from annotated class: ch.amaba.dao.model.UserInteretEntity
4484 [btpool0-0] INFO  o.h.cfg.annotations.EntityBinder - Bind entity ch.amaba.dao.model.UserInteretEntity on table usrInteret
4484 [btpool0-0] INFO  org.hibernate.cfg.AnnotationBinder - Binding entity from annotated class: ch.amaba.dao.model.UserMessageEntity
4484 [btpool0-0] INFO  o.h.cfg.annotations.EntityBinder - Bind entity ch.amaba.dao.model.UserMessageEntity on table usrMessage
4484 [btpool0-0] INFO  org.hibernate.cfg.AnnotationBinder - Binding entity from annotated class: ch.amaba.dao.model.UserMessageStatutEntity
4484 [btpool0-0] INFO  o.h.cfg.annotations.EntityBinder - Bind entity ch.amaba.dao.model.UserMessageStatutEntity on table usrMessageStatut
4484 [btpool0-0] INFO  org.hibernate.cfg.AnnotationBinder - Binding entity from annotated class: ch.amaba.dao.model.UserMusiqueEntity
4484 [btpool0-0] INFO  o.h.cfg.annotations.EntityBinder - Bind entity ch.amaba.dao.model.UserMusiqueEntity on table usrMusique
4484 [btpool0-0] INFO  org.hibernate.cfg.AnnotationBinder - Binding entity from annotated class: ch.amaba.dao.model.UserPhotoEntity
4484 [btpool0-0] INFO  o.h.cfg.annotations.EntityBinder - Bind entity ch.amaba.dao.model.UserPhotoEntity on table usrPhoto
4500 [btpool0-0] INFO  org.hibernate.cfg.AnnotationBinder - Binding entity from annotated class: ch.amaba.dao.model.UserPhysiqueEntity
4500 [btpool0-0] INFO  o.h.cfg.annotations.EntityBinder - Bind entity ch.amaba.dao.model.UserPhysiqueEntity on table usrPhysique
4500 [btpool0-0] INFO  org.hibernate.cfg.AnnotationBinder - Binding entity from annotated class: ch.amaba.dao.model.UserPreferenceEntity
4500 [btpool0-0] INFO  o.h.cfg.annotations.EntityBinder - Bind entity ch.amaba.dao.model.UserPreferenceEntity on table usrPreference
4500 [btpool0-0] INFO  org.hibernate.cfg.AnnotationBinder - Binding entity from annotated class: ch.amaba.dao.model.UserProfileEntity
4500 [btpool0-0] INFO  o.h.cfg.annotations.EntityBinder - Bind entity ch.amaba.dao.model.UserProfileEntity on table usrProfile
4500 [btpool0-0] INFO  org.hibernate.cfg.AnnotationBinder - Binding entity from annotated class: ch.amaba.dao.model.UserReligionEntity
4500 [btpool0-0] INFO  o.h.cfg.annotations.EntityBinder - Bind entity ch.amaba.dao.model.UserReligionEntity on table usrReligion
4500 [btpool0-0] INFO  org.hibernate.cfg.AnnotationBinder - Binding entity from annotated class: ch.amaba.dao.model.UserSportEntity
4500 [btpool0-0] INFO  o.h.cfg.annotations.EntityBinder - Bind entity ch.amaba.dao.model.UserSportEntity on table usrSport
4500 [btpool0-0] INFO  org.hibernate.cfg.AnnotationBinder - Binding entity from annotated class: ch.amaba.dao.model.UserStatutEntity
4500 [btpool0-0] INFO  o.h.cfg.annotations.EntityBinder - Bind entity ch.amaba.dao.model.UserStatutEntity on table usrStatut
4500 [btpool0-2] INFO  o.h.i.SessionFactoryObjectFactory - Not binding factory to JNDI, no JNDI name configured
4500 [btpool0-0] INFO  o.h.c.annotations.CollectionBinder - Mapping collection: ch.amaba.dao.model.UserMessageEntity.messageStatuts -> usrMessageStatut
4500 [btpool0-0] INFO  o.h.c.annotations.CollectionBinder - Mapping collection: ch.amaba.dao.model.UserEntity.userSports -> usrSport
4500 [btpool0-0] INFO  o.h.c.annotations.CollectionBinder - Mapping collection: ch.amaba.dao.model.UserEntity.userReligions -> usrReligion
4500 [btpool0-0] INFO  o.h.c.annotations.CollectionBinder - Mapping collection: ch.amaba.dao.model.UserEntity.userPhotos -> usrPhoto
4500 [btpool0-0] INFO  o.h.c.annotations.CollectionBinder - Mapping collection: ch.amaba.dao.model.UserEntity.userInterets -> usrInteret
4500 [btpool0-0] INFO  o.h.c.annotations.CollectionBinder - Mapping collection: ch.amaba.dao.model.UserEntity.userContacts -> usrContact
4500 [btpool0-0] INFO  o.h.c.annotations.CollectionBinder - Mapping collection: ch.amaba.dao.model.UserEntity.userAmis -> usrAmi
4500 [btpool0-0] INFO  o.h.c.annotations.CollectionBinder - Mapping collection: ch.amaba.dao.model.UserEntity.userAdresses -> usrAdress
4500 [btpool0-0] INFO  o.h.c.annotations.CollectionBinder - Mapping collection: ch.amaba.dao.model.UserEntity.userProfil -> usrProfile
4546 [btpool0-0] INFO  o.h.cfg.AnnotationConfiguration - Hibernate Validator not found: ignoring
4578 [btpool0-0] INFO  o.h.c.s.HibernateSearchEventListenerRegister - Unable to find org.hibernate.search.event.FullTextIndexEventListener on the classpath. Hibernate Search is not enabled.
4624 [btpool0-0] INFO  o.h.c.ConnectionProviderFactory - Initializing connection provider: org.springframework.orm.hibernate3.LocalDataSourceConnectionProvider
4624 [btpool0-0] INFO  org.hibernate.cfg.SettingsFactory - RDBMS: MySQL, version: 5.5.10
4624 [btpool0-0] INFO  org.hibernate.cfg.SettingsFactory - JDBC driver: MySQL-AB JDBC Driver, version: mysql-connector-java-5.1.15 ( Revision: ${bzr.revision-id} )
4640 [btpool0-0] INFO  org.hibernate.dialect.Dialect - Using dialect: org.hibernate.dialect.MySQL5Dialect
4640 [btpool0-0] INFO  o.h.t.TransactionFactoryFactory - Transaction strategy: org.springframework.orm.hibernate3.SpringTransactionFactory
4640 [btpool0-0] INFO  o.h.t.TransactionManagerLookupFactory - No TransactionManagerLookup configured (in JTA environment, use of read-write or transactional second-level cache is not recommended)
4640 [btpool0-0] INFO  org.hibernate.cfg.SettingsFactory - Automatic flush during beforeCompletion(): disabled
4640 [btpool0-0] INFO  org.hibernate.cfg.SettingsFactory - Automatic session close at end of transaction: disabled
4640 [btpool0-0] INFO  org.hibernate.cfg.SettingsFactory - JDBC batch size: 20
4640 [btpool0-0] INFO  org.hibernate.cfg.SettingsFactory - JDBC batch updates for versioned data: disabled
4640 [btpool0-0] INFO  org.hibernate.cfg.SettingsFactory - Scrollable result sets: enabled
4640 [btpool0-0] INFO  org.hibernate.cfg.SettingsFactory - JDBC3 getGeneratedKeys(): enabled
4640 [btpool0-0] INFO  org.hibernate.cfg.SettingsFactory - Connection release mode: auto
4640 [btpool0-0] INFO  org.hibernate.cfg.SettingsFactory - Maximum outer join fetch depth: 3
4640 [btpool0-0] INFO  org.hibernate.cfg.SettingsFactory - Default batch fetch size: 1
4640 [btpool0-0] INFO  org.hibernate.cfg.SettingsFactory - Generate SQL with comments: disabled
4640 [btpool0-0] INFO  org.hibernate.cfg.SettingsFactory - Order SQL updates by primary key: disabled
4640 [btpool0-0] INFO  org.hibernate.cfg.SettingsFactory - Order SQL inserts for batching: disabled
4640 [btpool0-0] INFO  org.hibernate.cfg.SettingsFactory - Query translator: org.hibernate.hql.ast.ASTQueryTranslatorFactory
4640 [btpool0-0] INFO  o.h.h.ast.ASTQueryTranslatorFactory - Using ASTQueryTranslatorFactory
4640 [btpool0-0] INFO  org.hibernate.cfg.SettingsFactory - Query language substitutions: {false='N', true='Y'}
4640 [btpool0-0] INFO  org.hibernate.cfg.SettingsFactory - JPA-QL strict compliance: disabled
4640 [btpool0-0] INFO  org.hibernate.cfg.SettingsFactory - Second-level cache: disabled
4640 [btpool0-0] INFO  org.hibernate.cfg.SettingsFactory - Query cache: disabled
4640 [btpool0-0] INFO  org.hibernate.cfg.SettingsFactory - Cache region factory : org.hibernate.cache.impl.NoCachingRegionFactory
4640 [btpool0-0] INFO  org.hibernate.cfg.SettingsFactory - Optimize cache for minimal puts: disabled
4640 [btpool0-0] INFO  org.hibernate.cfg.SettingsFactory - Structured second-level cache entries: disabled
4640 [btpool0-0] INFO  org.hibernate.cfg.SettingsFactory - Echoing all SQL to stdout
4640 [btpool0-0] INFO  org.hibernate.cfg.SettingsFactory - Statistics: disabled
4640 [btpool0-0] INFO  org.hibernate.cfg.SettingsFactory - Deleted entity synthetic identifier rollback: disabled
4640 [btpool0-0] INFO  org.hibernate.cfg.SettingsFactory - Default entity-mode: pojo
4640 [btpool0-0] INFO  org.hibernate.cfg.SettingsFactory - Named query checking : enabled
4640 [btpool0-0] INFO  o.hibernate.impl.SessionFactoryImpl - building session factory
4702 [btpool0-0] INFO  o.h.i.SessionFactoryObjectFactory - Not binding factory to JNDI, no JNDI name configured
58774 [btpool0-0] INFO  org.hibernate.cfg.AnnotationBinder - Binding entity from annotated class: ch.amaba.dao.model.CantonEntity
58774 [btpool0-0] INFO  o.h.cfg.annotations.EntityBinder - Bind entity ch.amaba.dao.model.CantonEntity on table canton
58774 [btpool0-0] INFO  org.hibernate.cfg.AnnotationBinder - Binding entity from annotated class: ch.amaba.dao.model.ContactEntity
58774 [btpool0-0] INFO  o.h.cfg.annotations.EntityBinder - Bind entity ch.amaba.dao.model.ContactEntity on table ContactEntity.java
58774 [btpool0-0] INFO  org.hibernate.cfg.AnnotationBinder - Binding entity from annotated class: ch.amaba.dao.model.InteretEntity
58790 [btpool0-0] INFO  o.h.cfg.annotations.EntityBinder - Bind entity ch.amaba.dao.model.InteretEntity on table interet
58791 [btpool0-0] INFO  org.hibernate.cfg.AnnotationBinder - Binding entity from annotated class: ch.amaba.dao.model.MessageStatutEntity
58791 [btpool0-0] INFO  o.h.cfg.annotations.EntityBinder - Bind entity ch.amaba.dao.model.MessageStatutEntity on table messageStatut
58792 [btpool0-0] INFO  org.hibernate.cfg.AnnotationBinder - Binding entity from annotated class: ch.amaba.dao.model.MusiqueEntity
58792 [btpool0-0] INFO  o.h.cfg.annotations.EntityBinder - Bind entity ch.amaba.dao.model.MusiqueEntity on table musique
58792 [btpool0-0] INFO  org.hibernate.cfg.AnnotationBinder - Binding entity from annotated class: ch.amaba.dao.model.PaysEntity
58792 [btpool0-0] INFO  o.h.cfg.annotations.EntityBinder - Bind entity ch.amaba.dao.model.PaysEntity on table pays
58792 [btpool0-0] INFO  org.hibernate.cfg.AnnotationBinder - Binding entity from annotated class: ch.amaba.dao.model.PreferenceEntity
58792 [btpool0-0] INFO  o.h.cfg.annotations.EntityBinder - Bind entity ch.amaba.dao.model.PreferenceEntity on table preference
58792 [btpool0-0] INFO  org.hibernate.cfg.AnnotationBinder - Binding entity from annotated class: ch.amaba.dao.model.ProfessionEntity
58792 [btpool0-0] INFO  o.h.cfg.annotations.EntityBinder - Bind entity ch.amaba.dao.model.ProfessionEntity on table profession
58792 [btpool0-0] INFO  org.hibernate.cfg.AnnotationBinder - Binding entity from annotated class: ch.amaba.dao.model.ReligionEntity
58792 [btpool0-0] INFO  o.h.cfg.annotations.EntityBinder - Bind entity ch.amaba.dao.model.ReligionEntity on table religion
58792 [btpool0-0] INFO  org.hibernate.cfg.AnnotationBinder - Binding entity from annotated class: ch.amaba.dao.model.SexeEntity
58792 [btpool0-0] INFO  o.h.cfg.annotations.EntityBinder - Bind entity ch.amaba.dao.model.SexeEntity on table sexe
58792 [btpool0-0] INFO  org.hibernate.cfg.AnnotationBinder - Binding entity from annotated class: ch.amaba.dao.model.SportEntity
58792 [btpool0-0] INFO  o.h.cfg.annotations.EntityBinder - Bind entity ch.amaba.dao.model.SportEntity on table sport
58792 [btpool0-0] INFO  org.hibernate.cfg.AnnotationBinder - Binding entity from annotated class: ch.amaba.dao.model.TraductionEntity
58792 [btpool0-0] INFO  o.h.cfg.annotations.EntityBinder - Bind entity ch.amaba.dao.model.TraductionEntity on table traduction
58792 [btpool0-0] INFO  org.hibernate.cfg.AnnotationBinder - Binding entity from annotated class: ch.amaba.dao.model.UserAdressEntity
58792 [btpool0-0] INFO  o.h.cfg.annotations.EntityBinder - Bind entity ch.amaba.dao.model.UserAdressEntity on table usrAdress
58792 [btpool0-0] INFO  org.hibernate.cfg.AnnotationBinder - Binding entity from annotated class: ch.amaba.dao.model.UserAmiEntity
58792 [btpool0-0] INFO  o.h.cfg.annotations.EntityBinder - Bind entity ch.amaba.dao.model.UserAmiEntity on table usrAmi
58792 [btpool0-0] INFO  org.hibernate.cfg.AnnotationBinder - Binding entity from annotated class: ch.amaba.dao.model.UserConnectionEntity
58792 [btpool0-0] INFO  o.h.cfg.annotations.EntityBinder - Bind entity ch.amaba.dao.model.UserConnectionEntity on table usrConnection
58792 [btpool0-0] INFO  org.hibernate.cfg.AnnotationBinder - Binding entity from annotated class: ch.amaba.dao.model.UserContactEntity
58792 [btpool0-0] INFO  o.h.cfg.annotations.EntityBinder - Bind entity ch.amaba.dao.model.UserContactEntity on table usrContact
58792 [btpool0-0] INFO  org.hibernate.cfg.AnnotationBinder - Binding entity from annotated class: ch.amaba.dao.model.UserCoquinEntity
58792 [btpool0-0] INFO  o.h.cfg.annotations.EntityBinder - Bind entity ch.amaba.dao.model.UserCoquinEntity on table usrProfil
58792 [btpool0-0] INFO  org.hibernate.cfg.AnnotationBinder - Binding entity from annotated class: ch.amaba.dao.model.UserEntity
58792 [btpool0-0] INFO  o.h.cfg.annotations.EntityBinder - Bind entity ch.amaba.dao.model.UserEntity on table usr
58807 [btpool0-0] INFO  org.hibernate.cfg.AnnotationBinder - Binding entity from annotated class: ch.amaba.dao.model.UserInteretEntity
58807 [btpool0-0] INFO  o.h.cfg.annotations.EntityBinder - Bind entity ch.amaba.dao.model.UserInteretEntity on table usrInteret
58807 [btpool0-0] INFO  org.hibernate.cfg.AnnotationBinder - Binding entity from annotated class: ch.amaba.dao.model.UserMessageEntity
58807 [btpool0-0] INFO  o.h.cfg.annotations.EntityBinder - Bind entity ch.amaba.dao.model.UserMessageEntity on table usrMessage
58807 [btpool0-0] INFO  org.hibernate.cfg.AnnotationBinder - Binding entity from annotated class: ch.amaba.dao.model.UserMessageStatutEntity
58807 [btpool0-0] INFO  o.h.cfg.annotations.EntityBinder - Bind entity ch.amaba.dao.model.UserMessageStatutEntity on table usrMessageStatut
58807 [btpool0-0] INFO  org.hibernate.cfg.AnnotationBinder - Binding entity from annotated class: ch.amaba.dao.model.UserMusiqueEntity
58807 [btpool0-0] INFO  o.h.cfg.annotations.EntityBinder - Bind entity ch.amaba.dao.model.UserMusiqueEntity on table usrMusique
58807 [btpool0-0] INFO  org.hibernate.cfg.AnnotationBinder - Binding entity from annotated class: ch.amaba.dao.model.UserPhotoEntity
58807 [btpool0-0] INFO  o.h.cfg.annotations.EntityBinder - Bind entity ch.amaba.dao.model.UserPhotoEntity on table usrPhoto
58807 [btpool0-0] INFO  org.hibernate.cfg.AnnotationBinder - Binding entity from annotated class: ch.amaba.dao.model.UserPhysiqueEntity
58807 [btpool0-0] INFO  o.h.cfg.annotations.EntityBinder - Bind entity ch.amaba.dao.model.UserPhysiqueEntity on table usrPhysique
58807 [btpool0-0] INFO  org.hibernate.cfg.AnnotationBinder - Binding entity from annotated class: ch.amaba.dao.model.UserPreferenceEntity
58807 [btpool0-0] INFO  o.h.cfg.annotations.EntityBinder - Bind entity ch.amaba.dao.model.UserPreferenceEntity on table usrPreference
58807 [btpool0-0] INFO  org.hibernate.cfg.AnnotationBinder - Binding entity from annotated class: ch.amaba.dao.model.UserProfileEntity
58807 [btpool0-0] INFO  o.h.cfg.annotations.EntityBinder - Bind entity ch.amaba.dao.model.UserProfileEntity on table usrProfile
58823 [btpool0-0] INFO  org.hibernate.cfg.AnnotationBinder - Binding entity from annotated class: ch.amaba.dao.model.UserReligionEntity
58823 [btpool0-0] INFO  o.h.cfg.annotations.EntityBinder - Bind entity ch.amaba.dao.model.UserReligionEntity on table usrReligion
58823 [btpool0-0] INFO  org.hibernate.cfg.AnnotationBinder - Binding entity from annotated class: ch.amaba.dao.model.UserSportEntity
58823 [btpool0-0] INFO  o.h.cfg.annotations.EntityBinder - Bind entity ch.amaba.dao.model.UserSportEntity on table usrSport
58823 [btpool0-0] INFO  org.hibernate.cfg.AnnotationBinder - Binding entity from annotated class: ch.amaba.dao.model.UserStatutEntity
58823 [btpool0-0] INFO  o.h.cfg.annotations.EntityBinder - Bind entity ch.amaba.dao.model.UserStatutEntity on table usrStatut
58823 [btpool0-0] INFO  o.h.c.annotations.CollectionBinder - Mapping collection: ch.amaba.dao.model.UserMessageEntity.messageStatuts -> usrMessageStatut
58823 [btpool0-0] INFO  o.h.c.annotations.CollectionBinder - Mapping collection: ch.amaba.dao.model.UserEntity.userSports -> usrSport
58823 [btpool0-0] INFO  o.h.c.annotations.CollectionBinder - Mapping collection: ch.amaba.dao.model.UserEntity.userReligions -> usrReligion
58823 [btpool0-0] INFO  o.h.c.annotations.CollectionBinder - Mapping collection: ch.amaba.dao.model.UserEntity.userPhotos -> usrPhoto
58823 [btpool0-0] INFO  o.h.c.annotations.CollectionBinder - Mapping collection: ch.amaba.dao.model.UserEntity.userInterets -> usrInteret
58823 [btpool0-0] INFO  o.h.c.annotations.CollectionBinder - Mapping collection: ch.amaba.dao.model.UserEntity.userContacts -> usrContact
58823 [btpool0-0] INFO  o.h.c.annotations.CollectionBinder - Mapping collection: ch.amaba.dao.model.UserEntity.userAmis -> usrAmi
58823 [btpool0-0] INFO  o.h.c.annotations.CollectionBinder - Mapping collection: ch.amaba.dao.model.UserEntity.userAdresses -> usrAdress
58823 [btpool0-0] INFO  o.h.c.annotations.CollectionBinder - Mapping collection: ch.amaba.dao.model.UserEntity.userProfil -> usrProfile
58885 [btpool0-0] INFO  o.h.cfg.AnnotationConfiguration - Hibernate Validator not found: ignoring
58885 [btpool0-0] INFO  o.h.c.s.HibernateSearchEventListenerRegister - Unable to find org.hibernate.search.event.FullTextIndexEventListener on the classpath. Hibernate Search is not enabled.
58932 [btpool0-0] INFO  o.h.c.ConnectionProviderFactory - Initializing connection provider: org.springframework.orm.hibernate3.LocalDataSourceConnectionProvider
58932 [btpool0-0] INFO  org.hibernate.cfg.SettingsFactory - RDBMS: MySQL, version: 5.5.10
58932 [btpool0-0] INFO  org.hibernate.cfg.SettingsFactory - JDBC driver: MySQL-AB JDBC Driver, version: mysql-connector-java-5.1.15 ( Revision: ${bzr.revision-id} )
58932 [btpool0-0] INFO  org.hibernate.dialect.Dialect - Using dialect: org.hibernate.dialect.MySQL5Dialect
58932 [btpool0-0] INFO  o.h.t.TransactionFactoryFactory - Transaction strategy: org.springframework.orm.hibernate3.SpringTransactionFactory
58932 [btpool0-0] INFO  o.h.t.TransactionManagerLookupFactory - No TransactionManagerLookup configured (in JTA environment, use of read-write or transactional second-level cache is not recommended)
58932 [btpool0-0] INFO  org.hibernate.cfg.SettingsFactory - Automatic flush during beforeCompletion(): disabled
58932 [btpool0-0] INFO  org.hibernate.cfg.SettingsFactory - Automatic session close at end of transaction: disabled
58932 [btpool0-0] INFO  org.hibernate.cfg.SettingsFactory - JDBC batch size: 20
58932 [btpool0-0] INFO  org.hibernate.cfg.SettingsFactory - JDBC batch updates for versioned data: disabled
58932 [btpool0-0] INFO  org.hibernate.cfg.SettingsFactory - Scrollable result sets: enabled
58932 [btpool0-0] INFO  org.hibernate.cfg.SettingsFactory - JDBC3 getGeneratedKeys(): enabled
58932 [btpool0-0] INFO  org.hibernate.cfg.SettingsFactory - Connection release mode: auto
58932 [btpool0-0] INFO  org.hibernate.cfg.SettingsFactory - Maximum outer join fetch depth: 3
58932 [btpool0-0] INFO  org.hibernate.cfg.SettingsFactory - Default batch fetch size: 1
58932 [btpool0-0] INFO  org.hibernate.cfg.SettingsFactory - Generate SQL with comments: disabled
58932 [btpool0-0] INFO  org.hibernate.cfg.SettingsFactory - Order SQL updates by primary key: disabled
58932 [btpool0-0] INFO  org.hibernate.cfg.SettingsFactory - Order SQL inserts for batching: disabled
58932 [btpool0-0] INFO  org.hibernate.cfg.SettingsFactory - Query translator: org.hibernate.hql.ast.ASTQueryTranslatorFactory
58932 [btpool0-0] INFO  o.h.h.ast.ASTQueryTranslatorFactory - Using ASTQueryTranslatorFactory
58932 [btpool0-0] INFO  org.hibernate.cfg.SettingsFactory - Query language substitutions: {false='N', true='Y'}
58932 [btpool0-0] INFO  org.hibernate.cfg.SettingsFactory - JPA-QL strict compliance: disabled
58932 [btpool0-0] INFO  org.hibernate.cfg.SettingsFactory - Second-level cache: disabled
58932 [btpool0-0] INFO  org.hibernate.cfg.SettingsFactory - Query cache: disabled
58932 [btpool0-0] INFO  org.hibernate.cfg.SettingsFactory - Cache region factory : org.hibernate.cache.impl.NoCachingRegionFactory
58948 [btpool0-0] INFO  org.hibernate.cfg.SettingsFactory - Optimize cache for minimal puts: disabled
58948 [btpool0-0] INFO  org.hibernate.cfg.SettingsFactory - Structured second-level cache entries: disabled
58948 [btpool0-0] INFO  org.hibernate.cfg.SettingsFactory - Echoing all SQL to stdout
58948 [btpool0-0] INFO  org.hibernate.cfg.SettingsFactory - Statistics: disabled
58948 [btpool0-0] INFO  org.hibernate.cfg.SettingsFactory - Deleted entity synthetic identifier rollback: disabled
58948 [btpool0-0] INFO  org.hibernate.cfg.SettingsFactory - Default entity-mode: pojo
58948 [btpool0-0] INFO  org.hibernate.cfg.SettingsFactory - Named query checking : enabled
58948 [btpool0-0] INFO  o.hibernate.impl.SessionFactoryImpl - building session factory
58979 [btpool0-0] INFO  o.h.i.SessionFactoryObjectFactory - Not binding factory to JNDI, no JNDI name configured
